<?xml version="1.0" encoding="UTF-8"?>
<testng-results skipped="0" failed="0" total="5" passed="5">
  <reporter-output>
  </reporter-output>
  <suite name="Default suite" duration-ms="11639" started-at="2018-01-03T05:57:30Z" finished-at="2018-01-03T05:57:41Z">
    <groups>
    </groups>
    <test name="Default test" duration-ms="11639" started-at="2018-01-03T05:57:30Z" finished-at="2018-01-03T05:57:41Z">
      <class name="org.quanphong.cinema.testing.newDAOtest">
        <test-method status="PASS" signature="init()[pri:0, instance:org.quanphong.cinema.testing.newDAOtest@68be2bc2]" name="init" is-config="true" duration-ms="5599" started-at="2018-01-03T12:57:30Z" finished-at="2018-01-03T12:57:35Z">
          <reporter-output>
          </reporter-output>
        </test-method> <!-- init -->
        <test-method status="PASS" signature="createNewnew()[pri:0, instance:org.quanphong.cinema.testing.newDAOtest@68be2bc2]" name="createNewnew" duration-ms="79" started-at="2018-01-03T12:57:35Z" finished-at="2018-01-03T12:57:36Z">
          <reporter-output>
          </reporter-output>
        </test-method> <!-- createNewnew -->
        <test-method status="PASS" signature="init()[pri:0, instance:org.quanphong.cinema.testing.newDAOtest@68be2bc2]" name="init" is-config="true" duration-ms="1919" started-at="2018-01-03T12:57:36Z" finished-at="2018-01-03T12:57:37Z">
          <reporter-output>
          </reporter-output>
        </test-method> <!-- init -->
        <test-method status="PASS" signature="deleteNew()[pri:0, instance:org.quanphong.cinema.testing.newDAOtest@68be2bc2]" name="deleteNew" duration-ms="565" started-at="2018-01-03T12:57:37Z" finished-at="2018-01-03T12:57:38Z">
          <reporter-output>
          </reporter-output>
        </test-method> <!-- deleteNew -->
        <test-method status="PASS" signature="init()[pri:0, instance:org.quanphong.cinema.testing.newDAOtest@68be2bc2]" name="init" is-config="true" duration-ms="1133" started-at="2018-01-03T12:57:38Z" finished-at="2018-01-03T12:57:39Z">
          <reporter-output>
          </reporter-output>
        </test-method> <!-- init -->
        <test-method status="PASS" signature="getAllnew()[pri:0, instance:org.quanphong.cinema.testing.newDAOtest@68be2bc2]" name="getAllnew" duration-ms="12" started-at="2018-01-03T12:57:39Z" finished-at="2018-01-03T12:57:39Z">
          <reporter-output>
          </reporter-output>
        </test-method> <!-- getAllnew -->
        <test-method status="PASS" signature="init()[pri:0, instance:org.quanphong.cinema.testing.newDAOtest@68be2bc2]" name="init" is-config="true" duration-ms="1135" started-at="2018-01-03T12:57:39Z" finished-at="2018-01-03T12:57:40Z">
          <reporter-output>
          </reporter-output>
        </test-method> <!-- init -->
        <test-method status="PASS" signature="getNew()[pri:0, instance:org.quanphong.cinema.testing.newDAOtest@68be2bc2]" name="getNew" duration-ms="9" started-at="2018-01-03T12:57:40Z" finished-at="2018-01-03T12:57:40Z">
          <reporter-output>
          </reporter-output>
        </test-method> <!-- getNew -->
        <test-method status="PASS" signature="init()[pri:0, instance:org.quanphong.cinema.testing.newDAOtest@68be2bc2]" name="init" is-config="true" duration-ms="1133" started-at="2018-01-03T12:57:40Z" finished-at="2018-01-03T12:57:41Z">
          <reporter-output>
          </reporter-output>
        </test-method> <!-- init -->
        <test-method status="PASS" signature="updateNew()[pri:0, instance:org.quanphong.cinema.testing.newDAOtest@68be2bc2]" name="updateNew" duration-ms="11" started-at="2018-01-03T12:57:41Z" finished-at="2018-01-03T12:57:41Z">
          <reporter-output>
          </reporter-output>
        </test-method> <!-- updateNew -->
      </class> <!-- org.quanphong.cinema.testing.newDAOtest -->
    </test> <!-- Default test -->
  </suite> <!-- Default suite -->
</testng-results>
