<?xml version="1.0" encoding="UTF-8"?>
<!-- Generated by org.testng.reporters.JUnitXMLReporter -->
<testsuite hostname="DESKTOP-RP0PN2F" name="Default test" tests="5" failures="0" timestamp="3 Jan 2018 05:57:41 GMT" time="11.639" errors="0">
  <testcase name="createNewnew" time="0.079" classname="org.quanphong.cinema.testing.newDAOtest"/>
  <testcase name="deleteNew" time="0.565" classname="org.quanphong.cinema.testing.newDAOtest"/>
  <testcase name="getAllnew" time="0.012" classname="org.quanphong.cinema.testing.newDAOtest"/>
  <testcase name="getNew" time="0.009" classname="org.quanphong.cinema.testing.newDAOtest"/>
  <testcase name="updateNew" time="0.011" classname="org.quanphong.cinema.testing.newDAOtest"/>
</testsuite> <!-- Default test -->
